2025-01-15 14:36:02 [main] INFO  c.voluns5.voluns.VolunsApplicationKt - Starting VolunsApplicationKt using Java 22.0.1 with PID 17352 (C:\Users\Murad\OneDrive\Desktop\voluns\build\classes\kotlin\main started by Murad in C:\Users\Murad\OneDrive\Desktop\voluns)
2025-01-15 14:36:02 [main] INFO  c.voluns5.voluns.VolunsApplicationKt - No active profile set, falling back to 1 default profile: "default"
2025-01-15 14:36:03 [main] INFO  o.s.d.r.c.RepositoryConfigurationDelegate - Bootstrapping Spring Data JPA repositories in DEFAULT mode.
2025-01-15 14:36:03 [main] INFO  o.s.d.r.c.RepositoryConfigurationDelegate - Finished Spring Data repository scanning in 41 ms. Found 1 JPA repository interfaces.
2025-01-15 14:36:04 [main] INFO  o.s.b.w.e.tomcat.TomcatWebServer - Tomcat initialized with port(s): 1117 (http)
2025-01-15 14:36:04 [main] INFO  o.a.catalina.core.StandardService - Starting service [Tomcat]
2025-01-15 14:36:04 [main] INFO  o.a.catalina.core.StandardEngine - Starting Servlet engine: [Apache Tomcat/10.1.8]
2025-01-15 14:36:04 [main] INFO  o.a.c.c.C.[Tomcat].[localhost].[/] - Initializing Spring embedded WebApplicationContext
2025-01-15 14:36:04 [main] INFO  o.s.b.w.s.c.ServletWebServerApplicationContext - Root WebApplicationContext: initialization completed in 1348 ms
2025-01-15 14:36:04 [main] INFO  o.h.jpa.internal.util.LogHelper - HHH000204: Processing PersistenceUnitInfo [name: default]
2025-01-15 14:36:04 [main] INFO  org.hibernate.Version - HHH000412: Hibernate ORM core version 6.2.2.Final
2025-01-15 14:36:04 [main] INFO  org.hibernate.cfg.Environment - HHH000406: Using bytecode reflection optimizer
2025-01-15 14:36:04 [main] INFO  o.h.b.i.BytecodeProviderInitiator - HHH000021: Bytecode provider name : bytebuddy
2025-01-15 14:36:04 [main] INFO  o.s.o.j.p.SpringPersistenceUnitInfo - No LoadTimeWeaver setup: ignoring JPA class transformer
2025-01-15 14:36:04 [main] INFO  com.zaxxer.hikari.HikariDataSource - HikariPool-1 - Starting...
2025-01-15 14:36:04 [main] INFO  com.zaxxer.hikari.pool.HikariPool - HikariPool-1 - Added connection org.postgresql.jdbc.PgConnection@166e5a6d
2025-01-15 14:36:04 [main] INFO  com.zaxxer.hikari.HikariDataSource - HikariPool-1 - Start completed.
2025-01-15 14:36:04 [main] INFO  org.hibernate.orm.dialect - HHH035001: Using dialect: org.hibernate.dialect.PostgreSQLDialect, version: org.hibernate.engine.jdbc.env.internal.JdbcEnvironmentInitiator$DialectResolutionInfoImpl@70139a81
2025-01-15 14:36:05 [main] INFO  o.h.b.i.BytecodeProviderInitiator - HHH000021: Bytecode provider name : bytebuddy
2025-01-15 14:36:05 [main] INFO  o.h.e.t.j.p.i.JtaPlatformInitiator - HHH000490: Using JtaPlatform implementation: [org.hibernate.engine.transaction.jta.platform.internal.NoJtaPlatform]
2025-01-15 14:36:05 [main] INFO  o.s.o.j.LocalContainerEntityManagerFactoryBean - Initialized JPA EntityManagerFactory for persistence unit 'default'
2025-01-15 14:36:05 [main] WARN  o.s.b.a.o.j.JpaBaseConfiguration$JpaWebConfiguration - spring.jpa.open-in-view is enabled by default. Therefore, database queries may be performed during view rendering. Explicitly configure spring.jpa.open-in-view to disable this warning
2025-01-15 14:36:05 [main] WARN  o.s.b.a.s.s.UserDetailsServiceAutoConfiguration - 

Using generated security password: 67bcf2fc-f1d5-4800-9ec1-5be90ae22ed0

This generated password is for development use only. Your security configuration must be updated before running your application in production.

2025-01-15 14:36:05 [main] INFO  o.s.s.web.DefaultSecurityFilterChain - Will secure any request with [org.springframework.security.web.session.DisableEncodeUrlFilter@514b247b, org.springframework.security.web.context.request.async.WebAsyncManagerIntegrationFilter@66b62ebd, org.springframework.security.web.context.SecurityContextHolderFilter@3ecbfba1, org.springframework.security.web.header.HeaderWriterFilter@1a99692, org.springframework.security.web.authentication.logout.LogoutFilter@2e76d0d3, org.springframework.security.web.savedrequest.RequestCacheAwareFilter@1df2e767, org.springframework.security.web.servletapi.SecurityContextHolderAwareRequestFilter@a319a2e, org.springframework.security.web.authentication.AnonymousAuthenticationFilter@5440a3a, org.springframework.security.web.access.ExceptionTranslationFilter@1fa24e7, org.springframework.security.web.access.intercept.AuthorizationFilter@68dbe225]
2025-01-15 14:36:06 [main] INFO  o.s.b.w.e.tomcat.TomcatWebServer - Tomcat started on port(s): 1117 (http) with context path ''
2025-01-15 14:36:06 [main] INFO  c.voluns5.voluns.VolunsApplicationKt - Started VolunsApplicationKt in 3.928 seconds (process running for 4.679)
2025-01-15 14:40:37 [SpringApplicationShutdownHook] INFO  o.s.o.j.LocalContainerEntityManagerFactoryBean - Closing JPA EntityManagerFactory for persistence unit 'default'
2025-01-15 14:40:37 [SpringApplicationShutdownHook] INFO  com.zaxxer.hikari.HikariDataSource - HikariPool-1 - Shutdown initiated...
2025-01-15 14:40:38 [SpringApplicationShutdownHook] INFO  com.zaxxer.hikari.HikariDataSource - HikariPool-1 - Shutdown completed.
2025-01-15 15:23:52 [main] INFO  c.voluns5.voluns.VolunsApplicationKt - Starting VolunsApplicationKt using Java 22.0.1 with PID 28000 (C:\Users\Murad\OneDrive\Desktop\voluns\build\classes\kotlin\main started by Murad in C:\Users\Murad\OneDrive\Desktop\voluns)
2025-01-15 15:23:52 [main] INFO  c.voluns5.voluns.VolunsApplicationKt - No active profile set, falling back to 1 default profile: "default"
2025-01-15 15:23:53 [main] INFO  o.s.d.r.c.RepositoryConfigurationDelegate - Bootstrapping Spring Data JPA repositories in DEFAULT mode.
2025-01-15 15:23:53 [main] INFO  o.s.d.r.c.RepositoryConfigurationDelegate - Finished Spring Data repository scanning in 38 ms. Found 1 JPA repository interfaces.
2025-01-15 15:23:54 [main] INFO  o.s.b.w.e.tomcat.TomcatWebServer - Tomcat initialized with port(s): 1117 (http)
2025-01-15 15:23:54 [main] INFO  o.a.catalina.core.StandardService - Starting service [Tomcat]
2025-01-15 15:23:54 [main] INFO  o.a.catalina.core.StandardEngine - Starting Servlet engine: [Apache Tomcat/10.1.8]
2025-01-15 15:23:54 [main] INFO  o.a.c.c.C.[Tomcat].[localhost].[/] - Initializing Spring embedded WebApplicationContext
2025-01-15 15:23:54 [main] INFO  o.s.b.w.s.c.ServletWebServerApplicationContext - Root WebApplicationContext: initialization completed in 1220 ms
2025-01-15 15:23:54 [main] INFO  o.h.jpa.internal.util.LogHelper - HHH000204: Processing PersistenceUnitInfo [name: default]
2025-01-15 15:23:54 [main] INFO  org.hibernate.Version - HHH000412: Hibernate ORM core version 6.2.2.Final
2025-01-15 15:23:54 [main] INFO  org.hibernate.cfg.Environment - HHH000406: Using bytecode reflection optimizer
2025-01-15 15:23:54 [main] INFO  o.h.b.i.BytecodeProviderInitiator - HHH000021: Bytecode provider name : bytebuddy
2025-01-15 15:23:54 [main] INFO  o.s.o.j.p.SpringPersistenceUnitInfo - No LoadTimeWeaver setup: ignoring JPA class transformer
2025-01-15 15:23:54 [main] INFO  com.zaxxer.hikari.HikariDataSource - HikariPool-1 - Starting...
2025-01-15 15:23:54 [main] INFO  com.zaxxer.hikari.pool.HikariPool - HikariPool-1 - Added connection org.postgresql.jdbc.PgConnection@ae3c140
2025-01-15 15:23:54 [main] INFO  com.zaxxer.hikari.HikariDataSource - HikariPool-1 - Start completed.
2025-01-15 15:23:54 [main] INFO  org.hibernate.orm.dialect - HHH035001: Using dialect: org.hibernate.dialect.PostgreSQLDialect, version: org.hibernate.engine.jdbc.env.internal.JdbcEnvironmentInitiator$DialectResolutionInfoImpl@1716c037
2025-01-15 15:23:54 [main] INFO  o.h.b.i.BytecodeProviderInitiator - HHH000021: Bytecode provider name : bytebuddy
2025-01-15 15:23:55 [main] INFO  o.h.e.t.j.p.i.JtaPlatformInitiator - HHH000490: Using JtaPlatform implementation: [org.hibernate.engine.transaction.jta.platform.internal.NoJtaPlatform]
2025-01-15 15:23:55 [main] INFO  o.s.o.j.LocalContainerEntityManagerFactoryBean - Initialized JPA EntityManagerFactory for persistence unit 'default'
2025-01-15 15:23:55 [main] WARN  o.s.b.a.o.j.JpaBaseConfiguration$JpaWebConfiguration - spring.jpa.open-in-view is enabled by default. Therefore, database queries may be performed during view rendering. Explicitly configure spring.jpa.open-in-view to disable this warning
2025-01-15 15:23:55 [main] WARN  o.s.b.a.s.s.UserDetailsServiceAutoConfiguration - 

Using generated security password: f3a7c647-2bfc-40e0-877c-2b9ee57d393d

This generated password is for development use only. Your security configuration must be updated before running your application in production.

2025-01-15 15:23:55 [main] INFO  o.s.s.web.DefaultSecurityFilterChain - Will secure any request with [org.springframework.security.web.session.DisableEncodeUrlFilter@68dc2f53, org.springframework.security.web.context.request.async.WebAsyncManagerIntegrationFilter@48928b57, org.springframework.security.web.context.SecurityContextHolderFilter@35630ee8, org.springframework.security.web.header.HeaderWriterFilter@330d16af, org.springframework.security.web.authentication.logout.LogoutFilter@4f629aa4, org.springframework.security.web.savedrequest.RequestCacheAwareFilter@173b24c4, org.springframework.security.web.servletapi.SecurityContextHolderAwareRequestFilter@2afe825a, org.springframework.security.web.authentication.AnonymousAuthenticationFilter@29088be1, org.springframework.security.web.access.ExceptionTranslationFilter@7524125c, org.springframework.security.web.access.intercept.AuthorizationFilter@24d097c8]
2025-01-15 15:23:55 [main] INFO  o.s.b.w.e.tomcat.TomcatWebServer - Tomcat started on port(s): 1117 (http) with context path ''
2025-01-15 15:23:55 [main] INFO  c.voluns5.voluns.VolunsApplicationKt - Started VolunsApplicationKt in 3.454 seconds (process running for 3.88)
2025-01-15 15:24:41 [SpringApplicationShutdownHook] INFO  o.s.o.j.LocalContainerEntityManagerFactoryBean - Closing JPA EntityManagerFactory for persistence unit 'default'
2025-01-15 15:24:41 [SpringApplicationShutdownHook] INFO  com.zaxxer.hikari.HikariDataSource - HikariPool-1 - Shutdown initiated...
2025-01-15 15:24:41 [SpringApplicationShutdownHook] INFO  com.zaxxer.hikari.HikariDataSource - HikariPool-1 - Shutdown completed.
2025-01-15 15:58:47 [main] INFO  c.voluns5.voluns.VolunsApplicationKt - Starting VolunsApplicationKt using Java 22.0.1 with PID 8560 (C:\Users\Murad\OneDrive\Desktop\voluns\build\classes\kotlin\main started by Murad in C:\Users\Murad\OneDrive\Desktop\voluns)
2025-01-15 15:58:47 [main] INFO  c.voluns5.voluns.VolunsApplicationKt - No active profile set, falling back to 1 default profile: "default"
2025-01-15 15:58:48 [main] INFO  o.s.d.r.c.RepositoryConfigurationDelegate - Bootstrapping Spring Data JPA repositories in DEFAULT mode.
2025-01-15 15:58:48 [main] INFO  o.s.d.r.c.RepositoryConfigurationDelegate - Finished Spring Data repository scanning in 38 ms. Found 1 JPA repository interfaces.
2025-01-15 15:58:48 [main] INFO  o.s.b.w.e.tomcat.TomcatWebServer - Tomcat initialized with port(s): 1117 (http)
2025-01-15 15:58:48 [main] INFO  o.a.catalina.core.StandardService - Starting service [Tomcat]
2025-01-15 15:58:48 [main] INFO  o.a.catalina.core.StandardEngine - Starting Servlet engine: [Apache Tomcat/10.1.8]
2025-01-15 15:58:49 [main] INFO  o.a.c.c.C.[Tomcat].[localhost].[/] - Initializing Spring embedded WebApplicationContext
2025-01-15 15:58:49 [main] INFO  o.s.b.w.s.c.ServletWebServerApplicationContext - Root WebApplicationContext: initialization completed in 1171 ms
2025-01-15 15:58:49 [main] INFO  o.h.jpa.internal.util.LogHelper - HHH000204: Processing PersistenceUnitInfo [name: default]
2025-01-15 15:58:49 [main] INFO  org.hibernate.Version - HHH000412: Hibernate ORM core version 6.2.2.Final
2025-01-15 15:58:49 [main] INFO  org.hibernate.cfg.Environment - HHH000406: Using bytecode reflection optimizer
2025-01-15 15:58:49 [main] INFO  o.h.b.i.BytecodeProviderInitiator - HHH000021: Bytecode provider name : bytebuddy
2025-01-15 15:58:49 [main] INFO  o.s.o.j.p.SpringPersistenceUnitInfo - No LoadTimeWeaver setup: ignoring JPA class transformer
2025-01-15 15:58:49 [main] INFO  com.zaxxer.hikari.HikariDataSource - HikariPool-1 - Starting...
2025-01-15 15:58:49 [main] INFO  com.zaxxer.hikari.pool.HikariPool - HikariPool-1 - Added connection org.postgresql.jdbc.PgConnection@25109608
2025-01-15 15:58:49 [main] INFO  com.zaxxer.hikari.HikariDataSource - HikariPool-1 - Start completed.
2025-01-15 15:58:49 [main] INFO  org.hibernate.orm.dialect - HHH035001: Using dialect: org.hibernate.dialect.PostgreSQLDialect, version: org.hibernate.engine.jdbc.env.internal.JdbcEnvironmentInitiator$DialectResolutionInfoImpl@55638165
2025-01-15 15:58:49 [main] INFO  o.h.b.i.BytecodeProviderInitiator - HHH000021: Bytecode provider name : bytebuddy
2025-01-15 15:58:50 [main] INFO  o.h.e.t.j.p.i.JtaPlatformInitiator - HHH000490: Using JtaPlatform implementation: [org.hibernate.engine.transaction.jta.platform.internal.NoJtaPlatform]
2025-01-15 15:58:50 [main] INFO  o.s.o.j.LocalContainerEntityManagerFactoryBean - Initialized JPA EntityManagerFactory for persistence unit 'default'
2025-01-15 15:58:50 [main] WARN  o.s.b.a.o.j.JpaBaseConfiguration$JpaWebConfiguration - spring.jpa.open-in-view is enabled by default. Therefore, database queries may be performed during view rendering. Explicitly configure spring.jpa.open-in-view to disable this warning
2025-01-15 15:58:50 [main] WARN  o.s.b.a.s.s.UserDetailsServiceAutoConfiguration - 

Using generated security password: 29fdb7d2-6a41-4efc-bcb6-b8ea3cc1c17b

This generated password is for development use only. Your security configuration must be updated before running your application in production.

2025-01-15 15:58:50 [main] INFO  o.s.s.web.DefaultSecurityFilterChain - Will secure any request with [org.springframework.security.web.session.DisableEncodeUrlFilter@391b03b, org.springframework.security.web.context.request.async.WebAsyncManagerIntegrationFilter@4a977146, org.springframework.security.web.context.SecurityContextHolderFilter@7fb1820d, org.springframework.security.web.header.HeaderWriterFilter@77fecd2c, org.springframework.security.web.authentication.logout.LogoutFilter@3c862522, org.springframework.security.web.savedrequest.RequestCacheAwareFilter@6a30f6b1, org.springframework.security.web.servletapi.SecurityContextHolderAwareRequestFilter@7c1c0892, org.springframework.security.web.authentication.AnonymousAuthenticationFilter@41dc34c8, org.springframework.security.web.access.ExceptionTranslationFilter@3f267e1b, org.springframework.security.web.access.intercept.AuthorizationFilter@11fb1691]
2025-01-15 15:58:50 [main] INFO  o.s.b.w.e.tomcat.TomcatWebServer - Tomcat started on port(s): 1117 (http) with context path ''
2025-01-15 15:58:50 [main] INFO  c.voluns5.voluns.VolunsApplicationKt - Started VolunsApplicationKt in 3.33 seconds (process running for 3.762)
2025-01-15 15:59:13 [http-nio-1117-exec-7] INFO  o.a.c.c.C.[Tomcat].[localhost].[/] - Initializing Spring DispatcherServlet 'dispatcherServlet'
2025-01-15 15:59:13 [http-nio-1117-exec-7] INFO  o.s.web.servlet.DispatcherServlet - Initializing Servlet 'dispatcherServlet'
2025-01-15 15:59:13 [http-nio-1117-exec-7] INFO  o.s.web.servlet.DispatcherServlet - Completed initialization in 1 ms
2025-01-15 15:59:13 [http-nio-1117-exec-7] DEBUG o.s.security.web.FilterChainProxy - Securing POST /api/users
2025-01-15 15:59:13 [http-nio-1117-exec-7] DEBUG o.s.security.web.FilterChainProxy - Secured POST /api/users
2025-01-15 15:59:14 [http-nio-1117-exec-7] INFO  c.v.voluns.controller.UserController - Request to create user: username=Ayneur
2025-01-15 15:59:14 [http-nio-1117-exec-7] INFO  c.voluns5.voluns.service.UserService - Attempting to create user with username: Ayneur and email: tesaseder@example.com
2025-01-15 15:59:14 [http-nio-1117-exec-7] INFO  c.voluns5.voluns.service.UserService - User created successfully with ID: 19 and username: Ayneur
2025-01-15 15:59:14 [http-nio-1117-exec-7] DEBUG o.s.s.w.a.AnonymousAuthenticationFilter - Set SecurityContextHolder to anonymous SecurityContext
2025-01-15 16:00:09 [http-nio-1117-exec-2] DEBUG o.s.security.web.FilterChainProxy - Securing DELETE /api/users/19
2025-01-15 16:00:09 [http-nio-1117-exec-2] DEBUG o.s.security.web.FilterChainProxy - Secured DELETE /api/users/19
2025-01-15 16:00:09 [http-nio-1117-exec-2] INFO  c.v.voluns.controller.UserController - Request to delete user with ID: 19
2025-01-15 16:00:09 [http-nio-1117-exec-2] INFO  c.voluns5.voluns.service.UserService - Attempting to delete user with ID: 19
2025-01-15 16:00:10 [http-nio-1117-exec-2] INFO  c.voluns5.voluns.service.UserService - User deleted successfully with ID: 19 and username: Ayneur
2025-01-15 16:00:10 [http-nio-1117-exec-2] DEBUG o.s.s.w.a.AnonymousAuthenticationFilter - Set SecurityContextHolder to anonymous SecurityContext
2025-01-15 16:00:54 [http-nio-1117-exec-4] DEBUG o.s.security.web.FilterChainProxy - Securing POST /api/users
2025-01-15 16:00:54 [http-nio-1117-exec-4] DEBUG o.s.security.web.FilterChainProxy - Secured POST /api/users
2025-01-15 16:00:54 [http-nio-1117-exec-4] INFO  c.v.voluns.controller.UserController - Request to create user: username=Ayneur123
2025-01-15 16:00:54 [http-nio-1117-exec-4] INFO  c.voluns5.voluns.service.UserService - Attempting to create user with username: Ayneur123 and email: tesaseder@example.com
2025-01-15 16:00:54 [http-nio-1117-exec-4] INFO  c.voluns5.voluns.service.UserService - User created successfully with ID: 20 and username: Ayneur123
2025-01-15 16:00:54 [http-nio-1117-exec-4] DEBUG o.s.s.w.a.AnonymousAuthenticationFilter - Set SecurityContextHolder to anonymous SecurityContext
2025-01-15 16:01:17 [SpringApplicationShutdownHook] INFO  o.s.o.j.LocalContainerEntityManagerFactoryBean - Closing JPA EntityManagerFactory for persistence unit 'default'
2025-01-15 16:01:17 [SpringApplicationShutdownHook] INFO  com.zaxxer.hikari.HikariDataSource - HikariPool-1 - Shutdown initiated...
2025-01-15 16:01:17 [SpringApplicationShutdownHook] INFO  com.zaxxer.hikari.HikariDataSource - HikariPool-1 - Shutdown completed.
2025-01-15 16:02:34 [main] INFO  c.voluns5.voluns.VolunsApplicationKt - Starting VolunsApplicationKt using Java 22.0.1 with PID 10568 (C:\Users\Murad\OneDrive\Desktop\voluns\build\classes\kotlin\main started by Murad in C:\Users\Murad\OneDrive\Desktop\voluns)
2025-01-15 16:02:34 [main] INFO  c.voluns5.voluns.VolunsApplicationKt - No active profile set, falling back to 1 default profile: "default"
2025-01-15 16:02:35 [main] INFO  o.s.d.r.c.RepositoryConfigurationDelegate - Bootstrapping Spring Data JPA repositories in DEFAULT mode.
2025-01-15 16:02:35 [main] INFO  o.s.d.r.c.RepositoryConfigurationDelegate - Finished Spring Data repository scanning in 35 ms. Found 1 JPA repository interfaces.
2025-01-15 16:02:35 [main] INFO  o.s.b.w.e.tomcat.TomcatWebServer - Tomcat initialized with port(s): 1117 (http)
2025-01-15 16:02:35 [main] INFO  o.a.catalina.core.StandardService - Starting service [Tomcat]
2025-01-15 16:02:35 [main] INFO  o.a.catalina.core.StandardEngine - Starting Servlet engine: [Apache Tomcat/10.1.8]
2025-01-15 16:02:35 [main] INFO  o.a.c.c.C.[Tomcat].[localhost].[/] - Initializing Spring embedded WebApplicationContext
2025-01-15 16:02:35 [main] INFO  o.s.b.w.s.c.ServletWebServerApplicationContext - Root WebApplicationContext: initialization completed in 1169 ms
2025-01-15 16:02:35 [main] INFO  o.h.jpa.internal.util.LogHelper - HHH000204: Processing PersistenceUnitInfo [name: default]
2025-01-15 16:02:35 [main] INFO  org.hibernate.Version - HHH000412: Hibernate ORM core version 6.2.2.Final
2025-01-15 16:02:35 [main] INFO  org.hibernate.cfg.Environment - HHH000406: Using bytecode reflection optimizer
2025-01-15 16:02:35 [main] INFO  o.h.b.i.BytecodeProviderInitiator - HHH000021: Bytecode provider name : bytebuddy
2025-01-15 16:02:35 [main] INFO  o.s.o.j.p.SpringPersistenceUnitInfo - No LoadTimeWeaver setup: ignoring JPA class transformer
2025-01-15 16:02:35 [main] INFO  com.zaxxer.hikari.HikariDataSource - HikariPool-1 - Starting...
2025-01-15 16:02:36 [main] INFO  com.zaxxer.hikari.pool.HikariPool - HikariPool-1 - Added connection org.postgresql.jdbc.PgConnection@1d1cfe4
2025-01-15 16:02:36 [main] INFO  com.zaxxer.hikari.HikariDataSource - HikariPool-1 - Start completed.
2025-01-15 16:02:36 [main] INFO  org.hibernate.orm.dialect - HHH035001: Using dialect: org.hibernate.dialect.PostgreSQLDialect, version: org.hibernate.engine.jdbc.env.internal.JdbcEnvironmentInitiator$DialectResolutionInfoImpl@53b7bf01
2025-01-15 16:02:36 [main] INFO  o.h.b.i.BytecodeProviderInitiator - HHH000021: Bytecode provider name : bytebuddy
2025-01-15 16:02:36 [main] INFO  o.h.e.t.j.p.i.JtaPlatformInitiator - HHH000490: Using JtaPlatform implementation: [org.hibernate.engine.transaction.jta.platform.internal.NoJtaPlatform]
2025-01-15 16:02:36 [main] INFO  o.s.o.j.LocalContainerEntityManagerFactoryBean - Initialized JPA EntityManagerFactory for persistence unit 'default'
2025-01-15 16:02:37 [main] WARN  o.s.b.a.o.j.JpaBaseConfiguration$JpaWebConfiguration - spring.jpa.open-in-view is enabled by default. Therefore, database queries may be performed during view rendering. Explicitly configure spring.jpa.open-in-view to disable this warning
2025-01-15 16:02:37 [main] WARN  o.s.b.a.s.s.UserDetailsServiceAutoConfiguration - 

Using generated security password: fa77df3e-4ef7-445d-b652-5c4303f82b31

This generated password is for development use only. Your security configuration must be updated before running your application in production.

2025-01-15 16:02:37 [main] INFO  o.s.s.web.DefaultSecurityFilterChain - Will secure any request with [org.springframework.security.web.session.DisableEncodeUrlFilter@2da0770, org.springframework.security.web.context.request.async.WebAsyncManagerIntegrationFilter@3efd3302, org.springframework.security.web.context.SecurityContextHolderFilter@641ab175, org.springframework.security.web.header.HeaderWriterFilter@240f712e, org.springframework.security.web.authentication.logout.LogoutFilter@584f4ca5, org.springframework.security.web.savedrequest.RequestCacheAwareFilter@6b35b0f4, org.springframework.security.web.servletapi.SecurityContextHolderAwareRequestFilter@7995a589, org.springframework.security.web.authentication.AnonymousAuthenticationFilter@531292ed, org.springframework.security.web.access.ExceptionTranslationFilter@66b62332, org.springframework.security.web.access.intercept.AuthorizationFilter@24e31f06]
2025-01-15 16:02:37 [main] INFO  o.s.b.w.e.tomcat.TomcatWebServer - Tomcat started on port(s): 1117 (http) with context path ''
2025-01-15 16:02:37 [main] INFO  c.voluns5.voluns.VolunsApplicationKt - Started VolunsApplicationKt in 3.449 seconds (process running for 3.868)
2025-01-15 16:02:48 [http-nio-1117-exec-1] INFO  o.a.c.c.C.[Tomcat].[localhost].[/] - Initializing Spring DispatcherServlet 'dispatcherServlet'
2025-01-15 16:02:48 [http-nio-1117-exec-1] INFO  o.s.web.servlet.DispatcherServlet - Initializing Servlet 'dispatcherServlet'
2025-01-15 16:02:48 [http-nio-1117-exec-1] INFO  o.s.web.servlet.DispatcherServlet - Completed initialization in 1 ms
2025-01-15 16:02:48 [http-nio-1117-exec-1] DEBUG o.s.security.web.FilterChainProxy - Securing POST /api/users
2025-01-15 16:02:48 [http-nio-1117-exec-1] DEBUG o.s.security.web.FilterChainProxy - Secured POST /api/users
2025-01-15 16:02:49 [http-nio-1117-exec-1] INFO  c.voluns5.voluns.service.UserService - Attempting to create user with username: Ayneuddr123 and email: tesaseddder@example.com
2025-01-15 16:02:49 [http-nio-1117-exec-1] INFO  c.voluns5.voluns.service.UserService - User created successfully with ID: 21 and username: Ayneuddr123
2025-01-15 16:02:49 [http-nio-1117-exec-1] DEBUG o.s.s.w.a.AnonymousAuthenticationFilter - Set SecurityContextHolder to anonymous SecurityContext
2025-01-15 16:06:14 [SpringApplicationShutdownHook] INFO  o.s.o.j.LocalContainerEntityManagerFactoryBean - Closing JPA EntityManagerFactory for persistence unit 'default'
2025-01-15 16:06:14 [SpringApplicationShutdownHook] INFO  com.zaxxer.hikari.HikariDataSource - HikariPool-1 - Shutdown initiated...
2025-01-15 16:06:14 [SpringApplicationShutdownHook] INFO  com.zaxxer.hikari.HikariDataSource - HikariPool-1 - Shutdown completed.
2025-01-15 16:13:43 [main] INFO  c.voluns5.voluns.VolunsApplicationKt - Starting VolunsApplicationKt using Java 22.0.1 with PID 18716 (C:\Users\Murad\OneDrive\Desktop\voluns\build\classes\kotlin\main started by Murad in C:\Users\Murad\OneDrive\Desktop\voluns)
2025-01-15 16:13:43 [main] INFO  c.voluns5.voluns.VolunsApplicationKt - No active profile set, falling back to 1 default profile: "default"
2025-01-15 16:13:44 [main] INFO  o.s.d.r.c.RepositoryConfigurationDelegate - Bootstrapping Spring Data JPA repositories in DEFAULT mode.
2025-01-15 16:13:44 [main] INFO  o.s.d.r.c.RepositoryConfigurationDelegate - Finished Spring Data repository scanning in 34 ms. Found 1 JPA repository interfaces.
2025-01-15 16:13:44 [main] INFO  o.s.b.w.e.tomcat.TomcatWebServer - Tomcat initialized with port(s): 1117 (http)
2025-01-15 16:13:44 [main] INFO  o.a.catalina.core.StandardService - Starting service [Tomcat]
2025-01-15 16:13:44 [main] INFO  o.a.catalina.core.StandardEngine - Starting Servlet engine: [Apache Tomcat/10.1.8]
2025-01-15 16:13:45 [main] INFO  o.a.c.c.C.[Tomcat].[localhost].[/] - Initializing Spring embedded WebApplicationContext
2025-01-15 16:13:45 [main] INFO  o.s.b.w.s.c.ServletWebServerApplicationContext - Root WebApplicationContext: initialization completed in 1134 ms
2025-01-15 16:13:45 [main] INFO  o.h.jpa.internal.util.LogHelper - HHH000204: Processing PersistenceUnitInfo [name: default]
2025-01-15 16:13:45 [main] INFO  org.hibernate.Version - HHH000412: Hibernate ORM core version 6.2.2.Final
2025-01-15 16:13:45 [main] INFO  org.hibernate.cfg.Environment - HHH000406: Using bytecode reflection optimizer
2025-01-15 16:13:45 [main] INFO  o.h.b.i.BytecodeProviderInitiator - HHH000021: Bytecode provider name : bytebuddy
2025-01-15 16:13:45 [main] INFO  o.s.o.j.p.SpringPersistenceUnitInfo - No LoadTimeWeaver setup: ignoring JPA class transformer
2025-01-15 16:13:45 [main] INFO  com.zaxxer.hikari.HikariDataSource - HikariPool-1 - Starting...
2025-01-15 16:13:45 [main] INFO  com.zaxxer.hikari.pool.HikariPool - HikariPool-1 - Added connection org.postgresql.jdbc.PgConnection@6851b296
2025-01-15 16:13:45 [main] INFO  com.zaxxer.hikari.HikariDataSource - HikariPool-1 - Start completed.
2025-01-15 16:13:45 [main] INFO  org.hibernate.orm.dialect - HHH035001: Using dialect: org.hibernate.dialect.PostgreSQLDialect, version: org.hibernate.engine.jdbc.env.internal.JdbcEnvironmentInitiator$DialectResolutionInfoImpl@7a0f06ad
2025-01-15 16:13:45 [main] INFO  o.h.b.i.BytecodeProviderInitiator - HHH000021: Bytecode provider name : bytebuddy
2025-01-15 16:13:46 [main] INFO  o.h.e.t.j.p.i.JtaPlatformInitiator - HHH000490: Using JtaPlatform implementation: [org.hibernate.engine.transaction.jta.platform.internal.NoJtaPlatform]
2025-01-15 16:13:46 [main] INFO  o.s.o.j.LocalContainerEntityManagerFactoryBean - Initialized JPA EntityManagerFactory for persistence unit 'default'
2025-01-15 16:13:46 [main] WARN  o.s.b.a.o.j.JpaBaseConfiguration$JpaWebConfiguration - spring.jpa.open-in-view is enabled by default. Therefore, database queries may be performed during view rendering. Explicitly configure spring.jpa.open-in-view to disable this warning
2025-01-15 16:13:46 [main] WARN  o.s.b.a.s.s.UserDetailsServiceAutoConfiguration - 

Using generated security password: d53255d7-aa8d-4cab-b4c7-1ab0720a8118

This generated password is for development use only. Your security configuration must be updated before running your application in production.

2025-01-15 16:13:46 [main] INFO  o.s.s.web.DefaultSecurityFilterChain - Will secure any request with [org.springframework.security.web.session.DisableEncodeUrlFilter@6cac0334, org.springframework.security.web.context.request.async.WebAsyncManagerIntegrationFilter@6329a5b9, org.springframework.security.web.context.SecurityContextHolderFilter@779136bf, org.springframework.security.web.header.HeaderWriterFilter@72115c48, org.springframework.security.web.authentication.logout.LogoutFilter@7f5a25e2, org.springframework.security.web.savedrequest.RequestCacheAwareFilter@53a3fc8b, org.springframework.security.web.servletapi.SecurityContextHolderAwareRequestFilter@58d4fe33, org.springframework.security.web.authentication.AnonymousAuthenticationFilter@6c92a59d, org.springframework.security.web.access.ExceptionTranslationFilter@13868c41, org.springframework.security.web.access.intercept.AuthorizationFilter@344769b9]
2025-01-15 16:13:46 [main] INFO  o.s.b.w.e.tomcat.TomcatWebServer - Tomcat started on port(s): 1117 (http) with context path ''
2025-01-15 16:13:46 [main] INFO  c.voluns5.voluns.VolunsApplicationKt - Started VolunsApplicationKt in 3.247 seconds (process running for 3.649)
2025-01-15 16:14:24 [http-nio-1117-exec-2] INFO  o.a.c.c.C.[Tomcat].[localhost].[/] - Initializing Spring DispatcherServlet 'dispatcherServlet'
2025-01-15 16:14:24 [http-nio-1117-exec-2] INFO  o.s.web.servlet.DispatcherServlet - Initializing Servlet 'dispatcherServlet'
2025-01-15 16:14:24 [http-nio-1117-exec-2] INFO  o.s.web.servlet.DispatcherServlet - Completed initialization in 2 ms
2025-01-15 16:14:24 [http-nio-1117-exec-2] DEBUG o.s.security.web.FilterChainProxy - Securing POST /api/users
2025-01-15 16:14:24 [http-nio-1117-exec-2] DEBUG o.s.security.web.FilterChainProxy - Secured POST /api/users
2025-01-15 16:14:24 [http-nio-1117-exec-2] INFO  c.voluns5.voluns.service.UserService - Attempting to create user with username: bbvmurad and email: bbvmurad1172@example.com
2025-01-15 16:14:24 [http-nio-1117-exec-2] INFO  c.voluns5.voluns.service.UserService - User created successfully with ID: 22 and username: bbvmurad
2025-01-15 16:14:24 [http-nio-1117-exec-2] DEBUG o.s.s.w.a.AnonymousAuthenticationFilter - Set SecurityContextHolder to anonymous SecurityContext
2025-01-15 16:14:37 [SpringApplicationShutdownHook] INFO  o.s.o.j.LocalContainerEntityManagerFactoryBean - Closing JPA EntityManagerFactory for persistence unit 'default'
2025-01-15 16:14:37 [SpringApplicationShutdownHook] INFO  com.zaxxer.hikari.HikariDataSource - HikariPool-1 - Shutdown initiated...
2025-01-15 16:14:37 [SpringApplicationShutdownHook] INFO  com.zaxxer.hikari.HikariDataSource - HikariPool-1 - Shutdown completed.
2025-01-15 16:55:01 [main] INFO  c.voluns5.voluns.VolunsApplicationKt - Starting VolunsApplicationKt using Java 22.0.1 with PID 9248 (C:\Users\Murad\OneDrive\Desktop\voluns\build\classes\kotlin\main started by Murad in C:\Users\Murad\OneDrive\Desktop\voluns)
2025-01-15 16:55:01 [main] INFO  c.voluns5.voluns.VolunsApplicationKt - No active profile set, falling back to 1 default profile: "default"
2025-01-15 16:55:02 [main] INFO  o.s.d.r.c.RepositoryConfigurationDelegate - Bootstrapping Spring Data JPA repositories in DEFAULT mode.
2025-01-15 16:55:02 [main] INFO  o.s.d.r.c.RepositoryConfigurationDelegate - Finished Spring Data repository scanning in 42 ms. Found 1 JPA repository interfaces.
2025-01-15 16:55:03 [main] INFO  o.s.b.w.e.tomcat.TomcatWebServer - Tomcat initialized with port(s): 1117 (http)
2025-01-15 16:55:03 [main] INFO  o.a.catalina.core.StandardService - Starting service [Tomcat]
2025-01-15 16:55:03 [main] INFO  o.a.catalina.core.StandardEngine - Starting Servlet engine: [Apache Tomcat/10.1.8]
2025-01-15 16:55:03 [main] INFO  o.a.c.c.C.[Tomcat].[localhost].[/] - Initializing Spring embedded WebApplicationContext
2025-01-15 16:55:03 [main] INFO  o.s.b.w.s.c.ServletWebServerApplicationContext - Root WebApplicationContext: initialization completed in 1339 ms
2025-01-15 16:55:03 [main] INFO  o.h.jpa.internal.util.LogHelper - HHH000204: Processing PersistenceUnitInfo [name: default]
2025-01-15 16:55:03 [main] INFO  org.hibernate.Version - HHH000412: Hibernate ORM core version 6.2.2.Final
2025-01-15 16:55:03 [main] INFO  org.hibernate.cfg.Environment - HHH000406: Using bytecode reflection optimizer
2025-01-15 16:55:03 [main] INFO  o.h.b.i.BytecodeProviderInitiator - HHH000021: Bytecode provider name : bytebuddy
2025-01-15 16:55:03 [main] INFO  o.s.o.j.p.SpringPersistenceUnitInfo - No LoadTimeWeaver setup: ignoring JPA class transformer
2025-01-15 16:55:03 [main] INFO  com.zaxxer.hikari.HikariDataSource - HikariPool-1 - Starting...
2025-01-15 16:55:03 [main] INFO  com.zaxxer.hikari.pool.HikariPool - HikariPool-1 - Added connection org.postgresql.jdbc.PgConnection@4f3fec43
2025-01-15 16:55:03 [main] INFO  com.zaxxer.hikari.HikariDataSource - HikariPool-1 - Start completed.
2025-01-15 16:55:03 [main] INFO  org.hibernate.orm.dialect - HHH035001: Using dialect: org.hibernate.dialect.PostgreSQLDialect, version: org.hibernate.engine.jdbc.env.internal.JdbcEnvironmentInitiator$DialectResolutionInfoImpl@3d132bb6
2025-01-15 16:55:03 [main] INFO  o.h.b.i.BytecodeProviderInitiator - HHH000021: Bytecode provider name : bytebuddy
2025-01-15 16:55:04 [main] INFO  o.h.e.t.j.p.i.JtaPlatformInitiator - HHH000490: Using JtaPlatform implementation: [org.hibernate.engine.transaction.jta.platform.internal.NoJtaPlatform]
2025-01-15 16:55:04 [main] INFO  o.s.o.j.LocalContainerEntityManagerFactoryBean - Initialized JPA EntityManagerFactory for persistence unit 'default'
2025-01-15 16:55:04 [main] WARN  o.s.b.a.o.j.JpaBaseConfiguration$JpaWebConfiguration - spring.jpa.open-in-view is enabled by default. Therefore, database queries may be performed during view rendering. Explicitly configure spring.jpa.open-in-view to disable this warning
2025-01-15 16:55:04 [main] WARN  o.s.b.a.s.s.UserDetailsServiceAutoConfiguration - 

Using generated security password: 2d059bd1-f24d-448e-af59-be8714754004

This generated password is for development use only. Your security configuration must be updated before running your application in production.

2025-01-15 16:55:04 [main] INFO  o.s.s.web.DefaultSecurityFilterChain - Will secure any request with [org.springframework.security.web.session.DisableEncodeUrlFilter@90c01ab, org.springframework.security.web.context.request.async.WebAsyncManagerIntegrationFilter@39921410, org.springframework.security.web.context.SecurityContextHolderFilter@16a15261, org.springframework.security.web.header.HeaderWriterFilter@1443539, org.springframework.security.web.authentication.logout.LogoutFilter@20505460, org.springframework.security.web.savedrequest.RequestCacheAwareFilter@5d8112e6, org.springframework.security.web.servletapi.SecurityContextHolderAwareRequestFilter@3d0f4ac4, org.springframework.security.web.authentication.AnonymousAuthenticationFilter@71e55e48, org.springframework.security.web.access.ExceptionTranslationFilter@2faae7f6, org.springframework.security.web.access.intercept.AuthorizationFilter@4d7fba20]
2025-01-15 16:55:05 [main] INFO  o.s.b.w.e.tomcat.TomcatWebServer - Tomcat started on port(s): 1117 (http) with context path ''
2025-01-15 16:55:05 [main] INFO  c.voluns5.voluns.VolunsApplicationKt - Started VolunsApplicationKt in 3.85 seconds (process running for 4.267)
2025-01-15 16:55:20 [http-nio-1117-exec-1] INFO  o.a.c.c.C.[Tomcat].[localhost].[/] - Initializing Spring DispatcherServlet 'dispatcherServlet'
2025-01-15 16:55:20 [http-nio-1117-exec-1] INFO  o.s.web.servlet.DispatcherServlet - Initializing Servlet 'dispatcherServlet'
2025-01-15 16:55:20 [http-nio-1117-exec-1] INFO  o.s.web.servlet.DispatcherServlet - Completed initialization in 1 ms
2025-01-15 16:55:20 [http-nio-1117-exec-1] DEBUG o.s.security.web.FilterChainProxy - Securing POST /api/users
2025-01-15 16:55:20 [http-nio-1117-exec-1] DEBUG o.s.security.web.FilterChainProxy - Secured POST /api/users
2025-01-15 16:55:20 [http-nio-1117-exec-1] DEBUG o.s.s.w.a.AnonymousAuthenticationFilter - Set SecurityContextHolder to anonymous SecurityContext
2025-01-15 16:56:17 [SpringApplicationShutdownHook] INFO  o.s.o.j.LocalContainerEntityManagerFactoryBean - Closing JPA EntityManagerFactory for persistence unit 'default'
2025-01-15 16:56:17 [SpringApplicationShutdownHook] INFO  com.zaxxer.hikari.HikariDataSource - HikariPool-1 - Shutdown initiated...
2025-01-15 16:56:17 [SpringApplicationShutdownHook] INFO  com.zaxxer.hikari.HikariDataSource - HikariPool-1 - Shutdown completed.
2025-01-15 16:56:26 [main] INFO  c.voluns5.voluns.VolunsApplicationKt - Starting VolunsApplicationKt using Java 22.0.1 with PID 20776 (C:\Users\Murad\OneDrive\Desktop\voluns\build\classes\kotlin\main started by Murad in C:\Users\Murad\OneDrive\Desktop\voluns)
2025-01-15 16:56:26 [main] INFO  c.voluns5.voluns.VolunsApplicationKt - No active profile set, falling back to 1 default profile: "default"
2025-01-15 16:56:27 [main] INFO  o.s.d.r.c.RepositoryConfigurationDelegate - Bootstrapping Spring Data JPA repositories in DEFAULT mode.
2025-01-15 16:56:27 [main] INFO  o.s.d.r.c.RepositoryConfigurationDelegate - Finished Spring Data repository scanning in 32 ms. Found 1 JPA repository interfaces.
2025-01-15 16:56:27 [main] INFO  o.s.b.w.e.tomcat.TomcatWebServer - Tomcat initialized with port(s): 1117 (http)
2025-01-15 16:56:27 [main] INFO  o.a.catalina.core.StandardService - Starting service [Tomcat]
2025-01-15 16:56:27 [main] INFO  o.a.catalina.core.StandardEngine - Starting Servlet engine: [Apache Tomcat/10.1.8]
2025-01-15 16:56:27 [main] INFO  o.a.c.c.C.[Tomcat].[localhost].[/] - Initializing Spring embedded WebApplicationContext
2025-01-15 16:56:27 [main] INFO  o.s.b.w.s.c.ServletWebServerApplicationContext - Root WebApplicationContext: initialization completed in 1270 ms
2025-01-15 16:56:27 [main] INFO  o.h.jpa.internal.util.LogHelper - HHH000204: Processing PersistenceUnitInfo [name: default]
2025-01-15 16:56:28 [main] INFO  org.hibernate.Version - HHH000412: Hibernate ORM core version 6.2.2.Final
2025-01-15 16:56:28 [main] INFO  org.hibernate.cfg.Environment - HHH000406: Using bytecode reflection optimizer
2025-01-15 16:56:28 [main] INFO  o.h.b.i.BytecodeProviderInitiator - HHH000021: Bytecode provider name : bytebuddy
2025-01-15 16:56:28 [main] INFO  o.s.o.j.p.SpringPersistenceUnitInfo - No LoadTimeWeaver setup: ignoring JPA class transformer
2025-01-15 16:56:28 [main] INFO  com.zaxxer.hikari.HikariDataSource - HikariPool-1 - Starting...
2025-01-15 16:56:28 [main] INFO  com.zaxxer.hikari.pool.HikariPool - HikariPool-1 - Added connection org.postgresql.jdbc.PgConnection@432c0f1
2025-01-15 16:56:28 [main] INFO  com.zaxxer.hikari.HikariDataSource - HikariPool-1 - Start completed.
2025-01-15 16:56:28 [main] INFO  org.hibernate.orm.dialect - HHH035001: Using dialect: org.hibernate.dialect.PostgreSQLDialect, version: org.hibernate.engine.jdbc.env.internal.JdbcEnvironmentInitiator$DialectResolutionInfoImpl@3c9e19de
2025-01-15 16:56:28 [main] INFO  o.h.b.i.BytecodeProviderInitiator - HHH000021: Bytecode provider name : bytebuddy
2025-01-15 16:56:29 [main] INFO  o.h.e.t.j.p.i.JtaPlatformInitiator - HHH000490: Using JtaPlatform implementation: [org.hibernate.engine.transaction.jta.platform.internal.NoJtaPlatform]
2025-01-15 16:56:29 [main] INFO  o.s.o.j.LocalContainerEntityManagerFactoryBean - Initialized JPA EntityManagerFactory for persistence unit 'default'
2025-01-15 16:56:29 [main] WARN  o.s.b.a.o.j.JpaBaseConfiguration$JpaWebConfiguration - spring.jpa.open-in-view is enabled by default. Therefore, database queries may be performed during view rendering. Explicitly configure spring.jpa.open-in-view to disable this warning
2025-01-15 16:56:29 [main] WARN  o.s.b.a.s.s.UserDetailsServiceAutoConfiguration - 

Using generated security password: 9ef9a89d-bfd0-4753-aa44-08056f30b855

This generated password is for development use only. Your security configuration must be updated before running your application in production.

2025-01-15 16:56:29 [main] INFO  o.s.s.web.DefaultSecurityFilterChain - Will secure any request with [org.springframework.security.web.session.DisableEncodeUrlFilter@74844f8a, org.springframework.security.web.context.request.async.WebAsyncManagerIntegrationFilter@5c945ee7, org.springframework.security.web.context.SecurityContextHolderFilter@8113ea7, org.springframework.security.web.header.HeaderWriterFilter@5923210, org.springframework.security.web.authentication.logout.LogoutFilter@407d2a01, org.springframework.security.web.savedrequest.RequestCacheAwareFilter@78e4fa1, org.springframework.security.web.servletapi.SecurityContextHolderAwareRequestFilter@112a50a1, org.springframework.security.web.authentication.AnonymousAuthenticationFilter@51a5a8ba, org.springframework.security.web.access.ExceptionTranslationFilter@34114276, org.springframework.security.web.access.intercept.AuthorizationFilter@1f86f7da]
2025-01-15 16:56:29 [main] INFO  o.s.b.w.e.tomcat.TomcatWebServer - Tomcat started on port(s): 1117 (http) with context path ''
2025-01-15 16:56:29 [main] INFO  c.voluns5.voluns.VolunsApplicationKt - Started VolunsApplicationKt in 3.546 seconds (process running for 4.067)
2025-01-15 16:57:47 [SpringApplicationShutdownHook] INFO  o.s.o.j.LocalContainerEntityManagerFactoryBean - Closing JPA EntityManagerFactory for persistence unit 'default'
2025-01-15 16:57:47 [SpringApplicationShutdownHook] INFO  com.zaxxer.hikari.HikariDataSource - HikariPool-1 - Shutdown initiated...
2025-01-15 16:57:47 [SpringApplicationShutdownHook] INFO  com.zaxxer.hikari.HikariDataSource - HikariPool-1 - Shutdown completed.
2025-01-15 16:58:55 [main] INFO  c.voluns5.voluns.VolunsApplicationKt - Starting VolunsApplicationKt using Java 22.0.1 with PID 19476 (C:\Users\Murad\OneDrive\Desktop\voluns\build\classes\kotlin\main started by Murad in C:\Users\Murad\OneDrive\Desktop\voluns)
2025-01-15 16:58:55 [main] INFO  c.voluns5.voluns.VolunsApplicationKt - No active profile set, falling back to 1 default profile: "default"
2025-01-15 16:58:56 [main] INFO  o.s.d.r.c.RepositoryConfigurationDelegate - Bootstrapping Spring Data JPA repositories in DEFAULT mode.
2025-01-15 16:58:56 [main] INFO  o.s.d.r.c.RepositoryConfigurationDelegate - Finished Spring Data repository scanning in 32 ms. Found 1 JPA repository interfaces.
2025-01-15 16:58:57 [main] INFO  o.s.b.w.e.tomcat.TomcatWebServer - Tomcat initialized with port(s): 1117 (http)
2025-01-15 16:58:57 [main] INFO  o.a.catalina.core.StandardService - Starting service [Tomcat]
2025-01-15 16:58:57 [main] INFO  o.a.catalina.core.StandardEngine - Starting Servlet engine: [Apache Tomcat/10.1.8]
2025-01-15 16:58:57 [main] INFO  o.a.c.c.C.[Tomcat].[localhost].[/] - Initializing Spring embedded WebApplicationContext
2025-01-15 16:58:57 [main] INFO  o.s.b.w.s.c.ServletWebServerApplicationContext - Root WebApplicationContext: initialization completed in 1192 ms
2025-01-15 16:58:57 [main] INFO  o.h.jpa.internal.util.LogHelper - HHH000204: Processing PersistenceUnitInfo [name: default]
2025-01-15 16:58:57 [main] INFO  org.hibernate.Version - HHH000412: Hibernate ORM core version 6.2.2.Final
2025-01-15 16:58:57 [main] INFO  org.hibernate.cfg.Environment - HHH000406: Using bytecode reflection optimizer
2025-01-15 16:58:57 [main] INFO  o.h.b.i.BytecodeProviderInitiator - HHH000021: Bytecode provider name : bytebuddy
2025-01-15 16:58:57 [main] INFO  o.s.o.j.p.SpringPersistenceUnitInfo - No LoadTimeWeaver setup: ignoring JPA class transformer
2025-01-15 16:58:57 [main] INFO  com.zaxxer.hikari.HikariDataSource - HikariPool-1 - Starting...
2025-01-15 16:58:57 [main] INFO  com.zaxxer.hikari.pool.HikariPool - HikariPool-1 - Added connection org.postgresql.jdbc.PgConnection@59a2d756
2025-01-15 16:58:57 [main] INFO  com.zaxxer.hikari.HikariDataSource - HikariPool-1 - Start completed.
2025-01-15 16:58:57 [main] INFO  org.hibernate.orm.dialect - HHH035001: Using dialect: org.hibernate.dialect.PostgreSQLDialect, version: org.hibernate.engine.jdbc.env.internal.JdbcEnvironmentInitiator$DialectResolutionInfoImpl@c6a692e
2025-01-15 16:58:57 [main] INFO  o.h.b.i.BytecodeProviderInitiator - HHH000021: Bytecode provider name : bytebuddy
2025-01-15 16:58:58 [main] INFO  o.h.e.t.j.p.i.JtaPlatformInitiator - HHH000490: Using JtaPlatform implementation: [org.hibernate.engine.transaction.jta.platform.internal.NoJtaPlatform]
2025-01-15 16:58:58 [main] INFO  o.s.o.j.LocalContainerEntityManagerFactoryBean - Initialized JPA EntityManagerFactory for persistence unit 'default'
2025-01-15 16:58:58 [main] WARN  o.s.b.a.o.j.JpaBaseConfiguration$JpaWebConfiguration - spring.jpa.open-in-view is enabled by default. Therefore, database queries may be performed during view rendering. Explicitly configure spring.jpa.open-in-view to disable this warning
2025-01-15 16:58:58 [main] WARN  o.s.b.a.s.s.UserDetailsServiceAutoConfiguration - 

Using generated security password: dcd6d6b9-7563-4629-849b-65f8e9f9b17d

This generated password is for development use only. Your security configuration must be updated before running your application in production.

2025-01-15 16:58:58 [main] INFO  o.s.s.web.DefaultSecurityFilterChain - Will secure any request with [org.springframework.security.web.session.DisableEncodeUrlFilter@7b38db21, org.springframework.security.web.context.request.async.WebAsyncManagerIntegrationFilter@54f4734e, org.springframework.security.web.context.SecurityContextHolderFilter@294a3f2a, org.springframework.security.web.header.HeaderWriterFilter@f391e52, org.springframework.security.web.authentication.logout.LogoutFilter@469bd719, org.springframework.security.web.savedrequest.RequestCacheAwareFilter@84e43fb, org.springframework.security.web.servletapi.SecurityContextHolderAwareRequestFilter@106f2425, org.springframework.security.web.authentication.AnonymousAuthenticationFilter@6a26eee6, org.springframework.security.web.access.ExceptionTranslationFilter@71ac5723, org.springframework.security.web.access.intercept.AuthorizationFilter@26c1244c]
2025-01-15 16:58:58 [main] INFO  o.s.b.w.e.tomcat.TomcatWebServer - Tomcat started on port(s): 1117 (http) with context path ''
2025-01-15 16:58:58 [main] INFO  c.voluns5.voluns.VolunsApplicationKt - Started VolunsApplicationKt in 3.488 seconds (process running for 3.946)
2025-01-15 16:58:59 [SpringApplicationShutdownHook] INFO  o.s.o.j.LocalContainerEntityManagerFactoryBean - Closing JPA EntityManagerFactory for persistence unit 'default'
2025-01-15 16:58:59 [SpringApplicationShutdownHook] INFO  com.zaxxer.hikari.HikariDataSource - HikariPool-1 - Shutdown initiated...
2025-01-15 16:58:59 [SpringApplicationShutdownHook] INFO  com.zaxxer.hikari.HikariDataSource - HikariPool-1 - Shutdown completed.
